<?xml version="1.0" encoding="UTF-8"?>
<!-- Generated by org.testng.reporters.JUnitReportReporter -->
<testsuite hostname="Idhazhya" failures="0" tests="1" name="Basic.c1" time="10.369" errors="0" timestamp="2022-08-26T08:02:41 IST" skipped="0">
  <testcase classname="Basic.c1" name="C1" time="10.369"/>
  <system-out/>
</testsuite> <!-- Basic.c1 -->
