<?xml version="1.0" encoding="UTF-8"?>
<!-- Generated by org.testng.reporters.JUnitReportReporter -->
<testsuite hostname="Idhazhya" failures="0" tests="1" name="TestNGAssertion.A1" time="3.071" errors="0" timestamp="2022-08-12T08:31:04 IST" skipped="0">
  <testcase classname="TestNGAssertion.A1" name="t1" time="3.071"/>
  <system-out/>
</testsuite> <!-- TestNGAssertion.A1 -->
